This is pdfTeX, Version 3.141592653-2.6-1.40.22 (MiKTeX 21.3) (preloaded format=pdflatex 2021.4.15)  4 JUN 2021 15:55
entering extended mode
**./vj4.tex
(vj4.tex
LaTeX2e <2020-10-01> patch level 4
L3 programming layer <2021-02-18>
(C:\Users\Jakov\Documents/LatexPresets/programming/preambule.tex
(C:\Users\Jakov\AppData\Local\Programs\MiKTeX\tex/latex/base\article.cls
Document Class: article 2020/04/10 v1.4m Standard LaTeX document class
(C:\Users\Jakov\AppData\Local\Programs\MiKTeX\tex/latex/base\size10.clo
File: size10.clo 2020/04/10 v1.4m Standard LaTeX file (size option)
)
\c@part=\count179
\c@section=\count180
\c@subsection=\count181
\c@subsubsection=\count182
\c@paragraph=\count183
\c@subparagraph=\count184
\c@figure=\count185
\c@table=\count186
\abovecaptionskip=\skip47
\belowcaptionskip=\skip48
\bibindent=\dimen138
)
(C:\Users\Jakov\AppData\Local\Programs\MiKTeX\tex/latex/base\fontenc.sty
Package: fontenc 2020/08/10 v2.0s Standard LaTeX package
)
(C:\Users\Jakov\AppData\Local\Programs\MiKTeX\tex/latex/base\inputenc.sty
Package: inputenc 2020/08/01 v1.3d Input encoding file
\inpenc@prehook=\toks15
\inpenc@posthook=\toks16
)
(C:\Users\Jakov\AppData\Local\Programs\MiKTeX\tex/latex/a4wide\a4wide.sty
Package: a4wide 1994/08/30

(C:\Users\Jakov\AppData\Local\Programs\MiKTeX\tex/latex/ntgclass\a4.sty
Package: a4 2020/02/18 v1.2g A4 based page layout
))
(C:\Users\Jakov\AppData\Local\Programs\MiKTeX\tex/latex/xcolor\xcolor.sty
Package: xcolor 2016/05/11 v2.12 LaTeX color extensions (UK)

(C:\Users\Jakov\AppData\Local\Programs\MiKTeX\tex/latex/graphics-cfg\color.cfg
File: color.cfg 2016/01/02 v1.6 sample color configuration
)
Package xcolor Info: Driver file: pdftex.def on input line 225.

(C:\Users\Jakov\AppData\Local\Programs\MiKTeX\tex/latex/graphics-def\pdftex.def
File: pdftex.def 2020/10/05 v1.2a Graphics/color driver for pdftex
)
Package xcolor Info: Model `cmy' substituted by `cmy0' on input line 1348.
Package xcolor Info: Model `hsb' substituted by `rgb' on input line 1352.
Package xcolor Info: Model `RGB' extended on input line 1364.
Package xcolor Info: Model `HTML' substituted by `rgb' on input line 1366.
Package xcolor Info: Model `Hsb' substituted by `hsb' on input line 1367.
Package xcolor Info: Model `tHsb' substituted by `hsb' on input line 1368.
Package xcolor Info: Model `HSB' substituted by `hsb' on input line 1369.
Package xcolor Info: Model `Gray' substituted by `gray' on input line 1370.
Package xcolor Info: Model `wave' substituted by `hsb' on input line 1371.
)
(C:\Users\Jakov\AppData\Local\Programs\MiKTeX\tex/latex/listings\listings.sty
(C:\Users\Jakov\AppData\Local\Programs\MiKTeX\tex/latex/graphics\keyval.sty
Package: keyval 2014/10/28 v1.15 key=value parser (DPC)
\KV@toks@=\toks17
)
\lst@mode=\count187
\lst@gtempboxa=\box47
\lst@token=\toks18
\lst@length=\count188
\lst@currlwidth=\dimen139
\lst@column=\count189
\lst@pos=\count190
\lst@lostspace=\dimen140
\lst@width=\dimen141
\lst@newlines=\count191
\lst@lineno=\count192
\lst@maxwidth=\dimen142

(C:\Users\Jakov\AppData\Local\Programs\MiKTeX\tex/latex/listings\lstmisc.sty
File: lstmisc.sty 2020/03/24 1.8d (Carsten Heinz)
\c@lstnumber=\count193
\lst@skipnumbers=\count194
\lst@framebox=\box48
)
(C:\Users\Jakov\AppData\Local\Programs\MiKTeX\tex/latex/listings\listings.cfg
File: listings.cfg 2020/03/24 1.8d listings configuration
))
Package: listings 2020/03/24 1.8d (Carsten Heinz)
(C:\Users\Jakov\AppData\Local\Programs\MiKTeX\tex/generic/babel\babel.sty
Package: babel 2021/04/07 3.57 The Babel package

(C:\Users\Jakov\AppData\Local\Programs\MiKTeX\tex/generic/babel\babel.def
File: babel.def 2021/04/07 3.57 Babel common definitions
\babel@savecnt=\count195
\U@D=\dimen143
\l@babelnohyphens=\language79

(C:\Users\Jakov\AppData\Local\Programs\MiKTeX\tex/generic/babel\txtbabel.def)
\bbl@readstream=\read2
)
\bbl@dirlevel=\count196

*************************************
* Local config file bblopts.cfg used
*
(C:\Users\Jakov\AppData\Local\Programs\MiKTeX\tex/latex/arabi\bblopts.cfg
File: bblopts.cfg 2005/09/08 v0.1 add Arabic and Farsi to "declared" options of
 babel
)
(C:\Users\Jakov\AppData\Local\Programs\MiKTeX\tex/latex/babel-croatian\croatian
.ldf
Language: croatian 2014/03/31 v1.3m Croatian support from the babel system
))
(C:\Users\Jakov\AppData\Local\Programs\MiKTeX\tex/latex/titlesec\titlesec.sty
Package: titlesec 2019/10/16 v2.13 Sectioning titles
\ttl@box=\box49
\beforetitleunit=\skip49
\aftertitleunit=\skip50
\ttl@plus=\dimen144
\ttl@minus=\dimen145
\ttl@toksa=\toks19
\titlewidth=\dimen146
\titlewidthlast=\dimen147
\titlewidthfirst=\dimen148
)
(C:\Users\Jakov\AppData\Local\Programs\MiKTeX\tex/latex/titlesec\titletoc.sty
Package: titletoc 2019/10/16 v2.13 TOC entries
\ttl@leftsep=\dimen149
)
(C:\Users\Jakov\AppData\Local\Programs\MiKTeX\tex/latex/graphics\graphicx.sty
Package: graphicx 2020/09/09 v1.2b Enhanced LaTeX Graphics (DPC,SPQR)

(C:\Users\Jakov\AppData\Local\Programs\MiKTeX\tex/latex/graphics\graphics.sty
Package: graphics 2020/08/30 v1.4c Standard LaTeX Graphics (DPC,SPQR)

(C:\Users\Jakov\AppData\Local\Programs\MiKTeX\tex/latex/graphics\trig.sty
Package: trig 2016/01/03 v1.10 sin cos tan (DPC)
)
(C:\Users\Jakov\AppData\Local\Programs\MiKTeX\tex/latex/graphics-cfg\graphics.c
fg
File: graphics.cfg 2016/06/04 v1.11 sample graphics configuration
)
Package graphics Info: Driver file: pdftex.def on input line 105.
)
\Gin@req@height=\dimen150
\Gin@req@width=\dimen151
)
(C:\Users\Jakov\AppData\Local\Programs\MiKTeX\tex/latex/caption\caption.sty
Package: caption 2020/10/26 v3.5g Customizing captions (AR)

(C:\Users\Jakov\AppData\Local\Programs\MiKTeX\tex/latex/caption\caption3.sty
Package: caption3 2020/10/21 v2.2e caption3 kernel (AR)
\captionmargin=\dimen152
\captionmargin@=\dimen153
\captionwidth=\dimen154
\caption@tempdima=\dimen155
\caption@indent=\dimen156
\caption@parindent=\dimen157
\caption@hangindent=\dimen158
Package caption Info: Standard document class detected.
)
\c@caption@flags=\count197
\c@continuedfloat=\count198
Package caption Info: listings package is loaded.
)
(C:\Users\Jakov\AppData\Local\Programs\MiKTeX\tex/latex/mdframed\mdframed.sty
Package: mdframed 2013/07/01 1.9b: mdframed

(C:\Users\Jakov\AppData\Local\Programs\MiKTeX\tex/latex/kvoptions\kvoptions.sty
Package: kvoptions 2020-10-07 v3.14 Key value format for package options (HO)
(C:\Users\Jakov\AppData\Local\Programs\MiKTeX\tex/generic/ltxcmds\ltxcmds.sty
Package: ltxcmds 2020-05-10 v1.25 LaTeX kernel commands for general use (HO)
)
(C:\Users\Jakov\AppData\Local\Programs\MiKTeX\tex/generic/kvsetkeys\kvsetkeys.s
ty
Package: kvsetkeys 2019/12/15 v1.18 Key value parser (HO)
))
(C:\Users\Jakov\AppData\Local\Programs\MiKTeX\tex/latex/l3packages/xparse\xpars
e.sty
(C:\Users\Jakov\AppData\Local\Programs\MiKTeX\tex/latex/l3kernel\expl3.sty
Package: expl3 2021-02-18 L3 programming layer (loader) 

(C:\Users\Jakov\AppData\Local\Programs\MiKTeX\tex/latex/l3backend\l3backend-pdf
tex.def
File: l3backend-pdftex.def 2021-03-18 L3 backend support: PDF output (pdfTeX)
\l__color_backend_stack_int=\count199
\l__pdf_internal_box=\box50
))
(C:\Users\Jakov\AppData\Local\Programs\MiKTeX\tex/latex/l3packages/xparse\xpars
e-2020-10-01.sty
(C:\Users\Jakov\AppData\Local\Programs\MiKTeX\tex/latex/l3packages/xparse\xpars
e-generic.tex)))
(C:\Users\Jakov\AppData\Local\Programs\MiKTeX\tex/latex/etoolbox\etoolbox.sty
Package: etoolbox 2020/10/05 v2.5k e-TeX tools for LaTeX (JAW)
\etb@tempcnta=\count266
)
(C:\Users\Jakov\AppData\Local\Programs\MiKTeX\tex/latex/zref\zref-abspage.sty
Package: zref-abspage 2020-07-03 v2.32 Module abspage for zref (HO)

(C:\Users\Jakov\AppData\Local\Programs\MiKTeX\tex/latex/zref\zref-base.sty
Package: zref-base 2020-07-03 v2.32 Module base for zref (HO)

(C:\Users\Jakov\AppData\Local\Programs\MiKTeX\tex/generic/infwarerr\infwarerr.s
ty
Package: infwarerr 2019/12/03 v1.5 Providing info/warning/error messages (HO)
)
(C:\Users\Jakov\AppData\Local\Programs\MiKTeX\tex/generic/kvdefinekeys\kvdefine
keys.sty
Package: kvdefinekeys 2019-12-19 v1.6 Define keys (HO)
)
(C:\Users\Jakov\AppData\Local\Programs\MiKTeX\tex/generic/pdftexcmds\pdftexcmds
.sty
Package: pdftexcmds 2020-06-27 v0.33 Utility functions of pdfTeX for LuaTeX (HO
)
 (C:\Users\Jakov\AppData\Local\Programs\MiKTeX\tex/generic/iftex\iftex.sty
Package: iftex 2020/03/06 v1.0d TeX engine tests
)
Package pdftexcmds Info: \pdf@primitive is available.
Package pdftexcmds Info: \pdf@ifprimitive is available.
Package pdftexcmds Info: \pdfdraftmode found.
)
(C:\Users\Jakov\AppData\Local\Programs\MiKTeX\tex/generic/etexcmds\etexcmds.sty
Package: etexcmds 2019/12/15 v1.7 Avoid name clashes with e-TeX commands (HO)
) (C:\Users\Jakov\AppData\Local\Programs\MiKTeX\tex/latex/auxhook\auxhook.sty
Package: auxhook 2019-12-17 v1.6 Hooks for auxiliary files (HO)
)
Package zref Info: New property list: main on input line 764.
Package zref Info: New property: default on input line 765.
Package zref Info: New property: page on input line 766.
) (C:\Users\Jakov\AppData\Local\Programs\MiKTeX\tex/latex/base\atbegshi-ltx.sty
Package: atbegshi-ltx 2020/08/17 v1.0a Emulation of the original atbegshi packa
ge
with kernel methods
)
\c@abspage=\count267
Package zref Info: New property: abspage on input line 66.
)
(C:\Users\Jakov\AppData\Local\Programs\MiKTeX\tex/latex/needspace\needspace.sty
Package: needspace 2010/09/12 v1.3d reserve vertical space
)
\mdf@templength=\skip51
\c@mdf@globalstyle@cnt=\count268
\mdf@skipabove@length=\skip52
\mdf@skipbelow@length=\skip53
\mdf@leftmargin@length=\skip54
\mdf@rightmargin@length=\skip55
\mdf@innerleftmargin@length=\skip56
\mdf@innerrightmargin@length=\skip57
\mdf@innertopmargin@length=\skip58
\mdf@innerbottommargin@length=\skip59
\mdf@splittopskip@length=\skip60
\mdf@splitbottomskip@length=\skip61
\mdf@outermargin@length=\skip62
\mdf@innermargin@length=\skip63
\mdf@linewidth@length=\skip64
\mdf@innerlinewidth@length=\skip65
\mdf@middlelinewidth@length=\skip66
\mdf@outerlinewidth@length=\skip67
\mdf@roundcorner@length=\skip68
\mdf@footenotedistance@length=\skip69
\mdf@userdefinedwidth@length=\skip70
\mdf@needspace@length=\skip71
\mdf@frametitleaboveskip@length=\skip72
\mdf@frametitlebelowskip@length=\skip73
\mdf@frametitlerulewidth@length=\skip74
\mdf@frametitleleftmargin@length=\skip75
\mdf@frametitlerightmargin@length=\skip76
\mdf@shadowsize@length=\skip77
\mdf@extratopheight@length=\skip78
\mdf@subtitleabovelinewidth@length=\skip79
\mdf@subtitlebelowlinewidth@length=\skip80
\mdf@subtitleaboveskip@length=\skip81
\mdf@subtitlebelowskip@length=\skip82
\mdf@subtitleinneraboveskip@length=\skip83
\mdf@subtitleinnerbelowskip@length=\skip84
\mdf@subsubtitleabovelinewidth@length=\skip85
\mdf@subsubtitlebelowlinewidth@length=\skip86
\mdf@subsubtitleaboveskip@length=\skip87
\mdf@subsubtitlebelowskip@length=\skip88
\mdf@subsubtitleinneraboveskip@length=\skip89
\mdf@subsubtitleinnerbelowskip@length=\skip90

(C:\Users\Jakov\AppData\Local\Programs\MiKTeX\tex/latex/pgf/frontendlayer\tikz.
sty
(C:\Users\Jakov\AppData\Local\Programs\MiKTeX\tex/latex/pgf/basiclayer\pgf.sty
(C:\Users\Jakov\AppData\Local\Programs\MiKTeX\tex/latex/pgf/utilities\pgfrcs.st
y
(C:\Users\Jakov\AppData\Local\Programs\MiKTeX\tex/generic/pgf/utilities\pgfutil
-common.tex
\pgfutil@everybye=\toks20
\pgfutil@tempdima=\dimen159
\pgfutil@tempdimb=\dimen160

(C:\Users\Jakov\AppData\Local\Programs\MiKTeX\tex/generic/pgf/utilities\pgfutil
-common-lists.tex))
(C:\Users\Jakov\AppData\Local\Programs\MiKTeX\tex/generic/pgf/utilities\pgfutil
-latex.def
\pgfutil@abb=\box51
)
(C:\Users\Jakov\AppData\Local\Programs\MiKTeX\tex/generic/pgf/utilities\pgfrcs.
code.tex
(C:\Users\Jakov\AppData\Local\Programs\MiKTeX\tex/generic/pgf\pgf.revision.tex)
Package: pgfrcs 2020/12/27 v3.1.8b (3.1.8b)
))
Package: pgf 2020/12/27 v3.1.8b (3.1.8b)

(C:\Users\Jakov\AppData\Local\Programs\MiKTeX\tex/latex/pgf/basiclayer\pgfcore.
sty
(C:\Users\Jakov\AppData\Local\Programs\MiKTeX\tex/latex/pgf/systemlayer\pgfsys.
sty
(C:\Users\Jakov\AppData\Local\Programs\MiKTeX\tex/generic/pgf/systemlayer\pgfsy
s.code.tex
Package: pgfsys 2020/12/27 v3.1.8b (3.1.8b)

(C:\Users\Jakov\AppData\Local\Programs\MiKTeX\tex/generic/pgf/utilities\pgfkeys
.code.tex
\pgfkeys@pathtoks=\toks21
\pgfkeys@temptoks=\toks22

(C:\Users\Jakov\AppData\Local\Programs\MiKTeX\tex/generic/pgf/utilities\pgfkeys
filtered.code.tex
\pgfkeys@tmptoks=\toks23
))
\pgf@x=\dimen161
\pgf@y=\dimen162
\pgf@xa=\dimen163
\pgf@ya=\dimen164
\pgf@xb=\dimen165
\pgf@yb=\dimen166
\pgf@xc=\dimen167
\pgf@yc=\dimen168
\pgf@xd=\dimen169
\pgf@yd=\dimen170
\w@pgf@writea=\write3
\r@pgf@reada=\read3
\c@pgf@counta=\count269
\c@pgf@countb=\count270
\c@pgf@countc=\count271
\c@pgf@countd=\count272
\t@pgf@toka=\toks24
\t@pgf@tokb=\toks25
\t@pgf@tokc=\toks26
\pgf@sys@id@count=\count273

(C:\Users\Jakov\AppData\Local\Programs\MiKTeX\tex/generic/pgf/systemlayer\pgf.c
fg
File: pgf.cfg 2020/12/27 v3.1.8b (3.1.8b)
)
Driver file for pgf: pgfsys-pdftex.def

(C:\Users\Jakov\AppData\Local\Programs\MiKTeX\tex/generic/pgf/systemlayer\pgfsy
s-pdftex.def
File: pgfsys-pdftex.def 2020/12/27 v3.1.8b (3.1.8b)

(C:\Users\Jakov\AppData\Local\Programs\MiKTeX\tex/generic/pgf/systemlayer\pgfsy
s-common-pdf.def
File: pgfsys-common-pdf.def 2020/12/27 v3.1.8b (3.1.8b)
)))
(C:\Users\Jakov\AppData\Local\Programs\MiKTeX\tex/generic/pgf/systemlayer\pgfsy
ssoftpath.code.tex
File: pgfsyssoftpath.code.tex 2020/12/27 v3.1.8b (3.1.8b)
\pgfsyssoftpath@smallbuffer@items=\count274
\pgfsyssoftpath@bigbuffer@items=\count275
)
(C:\Users\Jakov\AppData\Local\Programs\MiKTeX\tex/generic/pgf/systemlayer\pgfsy
sprotocol.code.tex
File: pgfsysprotocol.code.tex 2020/12/27 v3.1.8b (3.1.8b)
))
(C:\Users\Jakov\AppData\Local\Programs\MiKTeX\tex/generic/pgf/basiclayer\pgfcor
e.code.tex
Package: pgfcore 2020/12/27 v3.1.8b (3.1.8b)

(C:\Users\Jakov\AppData\Local\Programs\MiKTeX\tex/generic/pgf/math\pgfmath.code
.tex
(C:\Users\Jakov\AppData\Local\Programs\MiKTeX\tex/generic/pgf/math\pgfmathcalc.
code.tex
(C:\Users\Jakov\AppData\Local\Programs\MiKTeX\tex/generic/pgf/math\pgfmathutil.
code.tex)
(C:\Users\Jakov\AppData\Local\Programs\MiKTeX\tex/generic/pgf/math\pgfmathparse
r.code.tex
\pgfmath@dimen=\dimen171
\pgfmath@count=\count276
\pgfmath@box=\box52
\pgfmath@toks=\toks27
\pgfmath@stack@operand=\toks28
\pgfmath@stack@operation=\toks29
)
(C:\Users\Jakov\AppData\Local\Programs\MiKTeX\tex/generic/pgf/math\pgfmathfunct
ions.code.tex
(C:\Users\Jakov\AppData\Local\Programs\MiKTeX\tex/generic/pgf/math\pgfmathfunct
ions.basic.code.tex)
(C:\Users\Jakov\AppData\Local\Programs\MiKTeX\tex/generic/pgf/math\pgfmathfunct
ions.trigonometric.code.tex)
(C:\Users\Jakov\AppData\Local\Programs\MiKTeX\tex/generic/pgf/math\pgfmathfunct
ions.random.code.tex)
(C:\Users\Jakov\AppData\Local\Programs\MiKTeX\tex/generic/pgf/math\pgfmathfunct
ions.comparison.code.tex)
(C:\Users\Jakov\AppData\Local\Programs\MiKTeX\tex/generic/pgf/math\pgfmathfunct
ions.base.code.tex)
(C:\Users\Jakov\AppData\Local\Programs\MiKTeX\tex/generic/pgf/math\pgfmathfunct
ions.round.code.tex)
(C:\Users\Jakov\AppData\Local\Programs\MiKTeX\tex/generic/pgf/math\pgfmathfunct
ions.misc.code.tex)
(C:\Users\Jakov\AppData\Local\Programs\MiKTeX\tex/generic/pgf/math\pgfmathfunct
ions.integerarithmetics.code.tex)))
(C:\Users\Jakov\AppData\Local\Programs\MiKTeX\tex/generic/pgf/math\pgfmathfloat
.code.tex
\c@pgfmathroundto@lastzeros=\count277
))
(C:\Users\Jakov\AppData\Local\Programs\MiKTeX\tex/generic/pgf/math\pgfint.code.
tex)
(C:\Users\Jakov\AppData\Local\Programs\MiKTeX\tex/generic/pgf/basiclayer\pgfcor
epoints.code.tex
File: pgfcorepoints.code.tex 2020/12/27 v3.1.8b (3.1.8b)
\pgf@picminx=\dimen172
\pgf@picmaxx=\dimen173
\pgf@picminy=\dimen174
\pgf@picmaxy=\dimen175
\pgf@pathminx=\dimen176
\pgf@pathmaxx=\dimen177
\pgf@pathminy=\dimen178
\pgf@pathmaxy=\dimen179
\pgf@xx=\dimen180
\pgf@xy=\dimen181
\pgf@yx=\dimen182
\pgf@yy=\dimen183
\pgf@zx=\dimen184
\pgf@zy=\dimen185
)
(C:\Users\Jakov\AppData\Local\Programs\MiKTeX\tex/generic/pgf/basiclayer\pgfcor
epathconstruct.code.tex
File: pgfcorepathconstruct.code.tex 2020/12/27 v3.1.8b (3.1.8b)
\pgf@path@lastx=\dimen186
\pgf@path@lasty=\dimen187
)
(C:\Users\Jakov\AppData\Local\Programs\MiKTeX\tex/generic/pgf/basiclayer\pgfcor
epathusage.code.tex
File: pgfcorepathusage.code.tex 2020/12/27 v3.1.8b (3.1.8b)
\pgf@shorten@end@additional=\dimen188
\pgf@shorten@start@additional=\dimen189
)
(C:\Users\Jakov\AppData\Local\Programs\MiKTeX\tex/generic/pgf/basiclayer\pgfcor
escopes.code.tex
File: pgfcorescopes.code.tex 2020/12/27 v3.1.8b (3.1.8b)
\pgfpic=\box53
\pgf@hbox=\box54
\pgf@layerbox@main=\box55
\pgf@picture@serial@count=\count278
)
(C:\Users\Jakov\AppData\Local\Programs\MiKTeX\tex/generic/pgf/basiclayer\pgfcor
egraphicstate.code.tex
File: pgfcoregraphicstate.code.tex 2020/12/27 v3.1.8b (3.1.8b)
\pgflinewidth=\dimen190
)
(C:\Users\Jakov\AppData\Local\Programs\MiKTeX\tex/generic/pgf/basiclayer\pgfcor
etransformations.code.tex
File: pgfcoretransformations.code.tex 2020/12/27 v3.1.8b (3.1.8b)
\pgf@pt@x=\dimen191
\pgf@pt@y=\dimen192
\pgf@pt@temp=\dimen193
)
(C:\Users\Jakov\AppData\Local\Programs\MiKTeX\tex/generic/pgf/basiclayer\pgfcor
equick.code.tex
File: pgfcorequick.code.tex 2020/12/27 v3.1.8b (3.1.8b)
)
(C:\Users\Jakov\AppData\Local\Programs\MiKTeX\tex/generic/pgf/basiclayer\pgfcor
eobjects.code.tex
File: pgfcoreobjects.code.tex 2020/12/27 v3.1.8b (3.1.8b)
)
(C:\Users\Jakov\AppData\Local\Programs\MiKTeX\tex/generic/pgf/basiclayer\pgfcor
epathprocessing.code.tex
File: pgfcorepathprocessing.code.tex 2020/12/27 v3.1.8b (3.1.8b)
)
(C:\Users\Jakov\AppData\Local\Programs\MiKTeX\tex/generic/pgf/basiclayer\pgfcor
earrows.code.tex
File: pgfcorearrows.code.tex 2020/12/27 v3.1.8b (3.1.8b)
\pgfarrowsep=\dimen194
)
(C:\Users\Jakov\AppData\Local\Programs\MiKTeX\tex/generic/pgf/basiclayer\pgfcor
eshade.code.tex
File: pgfcoreshade.code.tex 2020/12/27 v3.1.8b (3.1.8b)
\pgf@max=\dimen195
\pgf@sys@shading@range@num=\count279
\pgf@shadingcount=\count280
)
(C:\Users\Jakov\AppData\Local\Programs\MiKTeX\tex/generic/pgf/basiclayer\pgfcor
eimage.code.tex
File: pgfcoreimage.code.tex 2020/12/27 v3.1.8b (3.1.8b)

(C:\Users\Jakov\AppData\Local\Programs\MiKTeX\tex/generic/pgf/basiclayer\pgfcor
eexternal.code.tex
File: pgfcoreexternal.code.tex 2020/12/27 v3.1.8b (3.1.8b)
\pgfexternal@startupbox=\box56
))
(C:\Users\Jakov\AppData\Local\Programs\MiKTeX\tex/generic/pgf/basiclayer\pgfcor
elayers.code.tex
File: pgfcorelayers.code.tex 2020/12/27 v3.1.8b (3.1.8b)
)
(C:\Users\Jakov\AppData\Local\Programs\MiKTeX\tex/generic/pgf/basiclayer\pgfcor
etransparency.code.tex
File: pgfcoretransparency.code.tex 2020/12/27 v3.1.8b (3.1.8b)
)
(C:\Users\Jakov\AppData\Local\Programs\MiKTeX\tex/generic/pgf/basiclayer\pgfcor
epatterns.code.tex
File: pgfcorepatterns.code.tex 2020/12/27 v3.1.8b (3.1.8b)
)
(C:\Users\Jakov\AppData\Local\Programs\MiKTeX\tex/generic/pgf/basiclayer\pgfcor
erdf.code.tex
File: pgfcorerdf.code.tex 2020/12/27 v3.1.8b (3.1.8b)
)))
(C:\Users\Jakov\AppData\Local\Programs\MiKTeX\tex/generic/pgf/modules\pgfmodule
shapes.code.tex
File: pgfmoduleshapes.code.tex 2020/12/27 v3.1.8b (3.1.8b)
\pgfnodeparttextbox=\box57
)
(C:\Users\Jakov\AppData\Local\Programs\MiKTeX\tex/generic/pgf/modules\pgfmodule
plot.code.tex
File: pgfmoduleplot.code.tex 2020/12/27 v3.1.8b (3.1.8b)
)
(C:\Users\Jakov\AppData\Local\Programs\MiKTeX\tex/latex/pgf/compatibility\pgfco
mp-version-0-65.sty
Package: pgfcomp-version-0-65 2020/12/27 v3.1.8b (3.1.8b)
\pgf@nodesepstart=\dimen196
\pgf@nodesepend=\dimen197
)
(C:\Users\Jakov\AppData\Local\Programs\MiKTeX\tex/latex/pgf/compatibility\pgfco
mp-version-1-18.sty
Package: pgfcomp-version-1-18 2020/12/27 v3.1.8b (3.1.8b)
))
(C:\Users\Jakov\AppData\Local\Programs\MiKTeX\tex/latex/pgf/utilities\pgffor.st
y
(C:\Users\Jakov\AppData\Local\Programs\MiKTeX\tex/latex/pgf/utilities\pgfkeys.s
ty
(C:\Users\Jakov\AppData\Local\Programs\MiKTeX\tex/generic/pgf/utilities\pgfkeys
.code.tex))
(C:\Users\Jakov\AppData\Local\Programs\MiKTeX\tex/latex/pgf/math\pgfmath.sty
(C:\Users\Jakov\AppData\Local\Programs\MiKTeX\tex/generic/pgf/math\pgfmath.code
.tex))
(C:\Users\Jakov\AppData\Local\Programs\MiKTeX\tex/generic/pgf/utilities\pgffor.
code.tex
Package: pgffor 2020/12/27 v3.1.8b (3.1.8b)

(C:\Users\Jakov\AppData\Local\Programs\MiKTeX\tex/generic/pgf/math\pgfmath.code
.tex)
\pgffor@iter=\dimen198
\pgffor@skip=\dimen199
\pgffor@stack=\toks30
\pgffor@toks=\toks31
))
(C:\Users\Jakov\AppData\Local\Programs\MiKTeX\tex/generic/pgf/frontendlayer/tik
z\tikz.code.tex
Package: tikz 2020/12/27 v3.1.8b (3.1.8b)

(C:\Users\Jakov\AppData\Local\Programs\MiKTeX\tex/generic/pgf/libraries\pgflibr
aryplothandlers.code.tex
File: pgflibraryplothandlers.code.tex 2020/12/27 v3.1.8b (3.1.8b)
\pgf@plot@mark@count=\count281
\pgfplotmarksize=\dimen256
)
\tikz@lastx=\dimen257
\tikz@lasty=\dimen258
\tikz@lastxsaved=\dimen259
\tikz@lastysaved=\dimen260
\tikz@lastmovetox=\dimen261
\tikz@lastmovetoy=\dimen262
\tikzleveldistance=\dimen263
\tikzsiblingdistance=\dimen264
\tikz@figbox=\box58
\tikz@figbox@bg=\box59
\tikz@tempbox=\box60
\tikz@tempbox@bg=\box61
\tikztreelevel=\count282
\tikznumberofchildren=\count283
\tikznumberofcurrentchild=\count284
\tikz@fig@count=\count285

(C:\Users\Jakov\AppData\Local\Programs\MiKTeX\tex/generic/pgf/modules\pgfmodule
matrix.code.tex
File: pgfmodulematrix.code.tex 2020/12/27 v3.1.8b (3.1.8b)
\pgfmatrixcurrentrow=\count286
\pgfmatrixcurrentcolumn=\count287
\pgf@matrix@numberofcolumns=\count288
)
\tikz@expandcount=\count289

(C:\Users\Jakov\AppData\Local\Programs\MiKTeX\tex/generic/pgf/frontendlayer/tik
z/libraries\tikzlibrarytopaths.code.tex
File: tikzlibrarytopaths.code.tex 2020/12/27 v3.1.8b (3.1.8b)
)))
(C:\Users\Jakov\AppData\Local\Programs\MiKTeX\tex/latex/mdframed\md-frame-1.mdf
File: md-frame-1.mdf 2013/07/01\ 1.9b: md-frame-1
)
\mdf@frametitlebox=\box62
\mdf@footnotebox=\box63
\mdf@splitbox@one=\box64
\mdf@splitbox@two=\box65
\mdf@splitbox@save=\box66
\mdfsplitboxwidth=\skip91
\mdfsplitboxtotalwidth=\skip92
\mdfsplitboxheight=\skip93
\mdfsplitboxdepth=\skip94
\mdfsplitboxtotalheight=\skip95
\mdfframetitleboxwidth=\skip96
\mdfframetitleboxtotalwidth=\skip97
\mdfframetitleboxheight=\skip98
\mdfframetitleboxdepth=\skip99
\mdfframetitleboxtotalheight=\skip100
\mdffootnoteboxwidth=\skip101
\mdffootnoteboxtotalwidth=\skip102
\mdffootnoteboxheight=\skip103
\mdffootnoteboxdepth=\skip104
\mdffootnoteboxtotalheight=\skip105
\mdftotallinewidth=\skip106
\mdfboundingboxwidth=\skip107
\mdfboundingboxtotalwidth=\skip108
\mdfboundingboxheight=\skip109
\mdfboundingboxdepth=\skip110
\mdfboundingboxtotalheight=\skip111
\mdf@freevspace@length=\skip112
\mdf@horizontalwidthofbox@length=\skip113
\mdf@verticalmarginwhole@length=\skip114
\mdf@horizontalspaceofbox=\skip115
\mdfsubtitleheight=\skip116
\mdfsubsubtitleheight=\skip117
\c@mdfcountframes=\count290

****** mdframed patching \endmdf@trivlist

****** -- success******

\mdf@envdepth=\count291
\c@mdf@env@i=\count292
\c@mdf@env@ii=\count293
\c@mdf@zref@counter=\count294
Package zref Info: New property: mdf@pagevalue on input line 895.
)
(C:\Users\Jakov\AppData\Local\Programs\MiKTeX\tex/latex/caption\subcaption.sty
Package: subcaption 2020/10/07 v1.3j Sub-captions (AR)
\c@subfigure=\count295
\c@subtable=\count296
)
(C:\Users\Jakov\AppData\Local\Programs\MiKTeX\tex/latex/anonymouspro\AnonymousP
ro.sty
Package: AnonymousPro 2019/07/07 v2.2 Support for AnonymousPro Fonts (AE)
) (C:\Users\Jakov\Documents/LatexPresets/programming/captionstyles.def)
(C:\Users\Jakov\Documents/LatexPresets/programming/listingstyles.def))
(C:\Users\Jakov\AppData\Local\Programs\MiKTeX\tex/latex/hyperref\hyperref.sty
Package: hyperref 2021-02-27 v7.00k Hypertext links for LaTeX

(C:\Users\Jakov\AppData\Local\Programs\MiKTeX\tex/generic/pdfescape\pdfescape.s
ty
Package: pdfescape 2019/12/09 v1.15 Implements pdfTeX's escape features (HO)
) (C:\Users\Jakov\AppData\Local\Programs\MiKTeX\tex/latex/hycolor\hycolor.sty
Package: hycolor 2020-01-27 v1.10 Color options for hyperref/bookmark (HO)
)
(C:\Users\Jakov\AppData\Local\Programs\MiKTeX\tex/latex/letltxmacro\letltxmacro
.sty
Package: letltxmacro 2019/12/03 v1.6 Let assignment for LaTeX macros (HO)
)
\@linkdim=\dimen265
\Hy@linkcounter=\count297
\Hy@pagecounter=\count298

(C:\Users\Jakov\AppData\Local\Programs\MiKTeX\tex/latex/hyperref\pd1enc.def
File: pd1enc.def 2021-02-27 v7.00k Hyperref: PDFDocEncoding definition (HO)
Now handling font encoding PD1 ...
... no UTF-8 mapping file for font encoding PD1
)
(C:\Users\Jakov\AppData\Local\Programs\MiKTeX\tex/latex/hyperref\hyperref-langp
atches.def
File: hyperref-langpatches.def 2021-02-27 v7.00k Hyperref: patches for babel la
nguages
)
(C:\Users\Jakov\AppData\Local\Programs\MiKTeX\tex/generic/intcalc\intcalc.sty
Package: intcalc 2019/12/15 v1.3 Expandable calculations with integers (HO)
)
\Hy@SavedSpaceFactor=\count299

(C:\Users\Jakov\AppData\Local\Programs\MiKTeX\tex/latex/hyperref\puenc.def
File: puenc.def 2021-02-27 v7.00k Hyperref: PDF Unicode definition (HO)
Now handling font encoding PU ...
... no UTF-8 mapping file for font encoding PU
)
Package hyperref Info: Hyper figures OFF on input line 4192.
Package hyperref Info: Link nesting OFF on input line 4197.
Package hyperref Info: Hyper index ON on input line 4200.
Package hyperref Info: Plain pages OFF on input line 4207.
Package hyperref Info: Backreferencing OFF on input line 4212.
Package hyperref Info: Implicit mode ON; LaTeX internals redefined.
Package hyperref Info: Bookmarks ON on input line 4445.
\c@Hy@tempcnt=\count300

(C:\Users\Jakov\AppData\Local\Programs\MiKTeX\tex/latex/url\url.sty
\Urlmuskip=\muskip16
Package: url 2013/09/16  ver 3.4  Verb mode for urls, etc.
)
LaTeX Info: Redefining \url on input line 4804.
\XeTeXLinkMargin=\dimen266

(C:\Users\Jakov\AppData\Local\Programs\MiKTeX\tex/generic/bitset\bitset.sty
Package: bitset 2019/12/09 v1.3 Handle bit-vector datatype (HO)

(C:\Users\Jakov\AppData\Local\Programs\MiKTeX\tex/generic/bigintcalc\bigintcalc
.sty
Package: bigintcalc 2019/12/15 v1.5 Expandable calculations on big integers (HO
)
))
\Fld@menulength=\count301
\Field@Width=\dimen267
\Fld@charsize=\dimen268
Package hyperref Info: Hyper figures OFF on input line 6075.
Package hyperref Info: Link nesting OFF on input line 6080.
Package hyperref Info: Hyper index ON on input line 6083.
Package hyperref Info: backreferencing OFF on input line 6090.
Package hyperref Info: Link coloring OFF on input line 6095.
Package hyperref Info: Link coloring with OCG OFF on input line 6100.
Package hyperref Info: PDF/A mode OFF on input line 6105.
LaTeX Info: Redefining \ref on input line 6145.
LaTeX Info: Redefining \pageref on input line 6149.
\Hy@abspage=\count302
\c@Item=\count303
\c@Hfootnote=\count304
)
Package hyperref Info: Driver (autodetected): hpdftex.

(C:\Users\Jakov\AppData\Local\Programs\MiKTeX\tex/latex/hyperref\hpdftex.def
File: hpdftex.def 2021-02-27 v7.00k Hyperref driver for pdfTeX

(C:\Users\Jakov\AppData\Local\Programs\MiKTeX\tex/latex/base\atveryend-ltx.sty
Package: atveryend-ltx 2020/08/19 v1.0a Emulation of the original atvery packag
e
with kernel methods
)
\HyAnn@Count=\count305
\Fld@listcount=\count306
\c@bookmark@seq@number=\count307

(C:\Users\Jakov\AppData\Local\Programs\MiKTeX\tex/latex/rerunfilecheck\rerunfil
echeck.sty
Package: rerunfilecheck 2019/12/05 v1.9 Rerun checks for auxiliary files (HO)

(C:\Users\Jakov\AppData\Local\Programs\MiKTeX\tex/generic/uniquecounter\uniquec
ounter.sty
Package: uniquecounter 2019/12/15 v1.4 Provide unlimited unique counter (HO)
)
Package uniquecounter Info: New unique counter `rerunfilecheck' on input line 2
86.
)
\Hy@SectionHShift=\skip118
)
(C:\Users\Jakov\AppData\Local\Programs\MiKTeX\tex/latex/footmisc\footmisc.sty
Package: footmisc 2011/06/06 v5.5b a miscellany of footnote facilities
\FN@temptoken=\toks32
\footnotemargin=\dimen269
\c@pp@next@reset=\count308
\c@@fnserial=\count309
Package footmisc Info: Declaring symbol style bringhurst on input line 855.
Package footmisc Info: Declaring symbol style chicago on input line 863.
Package footmisc Info: Declaring symbol style wiley on input line 872.
Package footmisc Info: Declaring symbol style lamport-robust on input line 883.

Package footmisc Info: Declaring symbol style lamport* on input line 903.
Package footmisc Info: Declaring symbol style lamport*-robust on input line 924
.
)
(vj4.aux)
\openout1 = `vj4.aux'.

LaTeX Font Info:    Checking defaults for OML/cmm/m/it on input line 11.
LaTeX Font Info:    ... okay on input line 11.
LaTeX Font Info:    Checking defaults for OMS/cmsy/m/n on input line 11.
LaTeX Font Info:    ... okay on input line 11.
LaTeX Font Info:    Checking defaults for OT1/cmr/m/n on input line 11.
LaTeX Font Info:    ... okay on input line 11.
LaTeX Font Info:    Checking defaults for T1/cmr/m/n on input line 11.
LaTeX Font Info:    ... okay on input line 11.
LaTeX Font Info:    Checking defaults for TS1/cmr/m/n on input line 11.
LaTeX Font Info:    ... okay on input line 11.
LaTeX Font Info:    Checking defaults for OMX/cmex/m/n on input line 11.
LaTeX Font Info:    ... okay on input line 11.
LaTeX Font Info:    Checking defaults for U/cmr/m/n on input line 11.
LaTeX Font Info:    ... okay on input line 11.
LaTeX Font Info:    Checking defaults for PD1/pdf/m/n on input line 11.
LaTeX Font Info:    ... okay on input line 11.
LaTeX Font Info:    Checking defaults for PU/pdf/m/n on input line 11.
LaTeX Font Info:    ... okay on input line 11.

(C:\Users\Jakov\AppData\Local\Programs\MiKTeX\tex/context/base/mkii\supp-pdf.mk
ii
[Loading MPS to PDF converter (version 2006.09.02).]
\scratchcounter=\count310
\scratchdimen=\dimen270
\scratchbox=\box67
\nofMPsegments=\count311
\nofMParguments=\count312
\everyMPshowfont=\toks33
\MPscratchCnt=\count313
\MPscratchDim=\dimen271
\MPnumerator=\count314
\makeMPintoPDFobject=\count315
\everyMPtoPDFconversion=\toks34
)
(C:\Users\Jakov\AppData\Local\Programs\MiKTeX\tex/latex/epstopdf-pkg\epstopdf-b
ase.sty
Package: epstopdf-base 2020-01-24 v2.11 Base part for package epstopdf

(C:\Users\Jakov\AppData\Local\Programs\MiKTeX\tex/latex/grfext\grfext.sty
Package: grfext 2019/12/03 v1.3 Manage graphics extensions (HO)
)
Package epstopdf-base Info: Redefining graphics rule for `.eps' on input line 4
85.
Package grfext Info: Graphics extension search list:
(grfext)             [.pdf,.png,.jpg,.mps,.jpeg,.jbig2,.jb2,.PDF,.PNG,.JPG,.JPE
G,.JBIG2,.JB2,.eps]
(grfext)             \AppendGraphicsExtensions on input line 504.

(C:\Users\Jakov\AppData\Local\Programs\MiKTeX\tex/latex/00miktex\epstopdf-sys.c
fg
File: epstopdf-sys.cfg 2021/03/18 v2.0 Configuration of epstopdf for MiKTeX
))
\c@lstlisting=\count316
Package caption Info: Begin \AtBeginDocument code.
Package caption Info: hyperref package is loaded.
Package caption Info: End \AtBeginDocument code.
Package hyperref Info: Link coloring OFF on input line 11.

(C:\Users\Jakov\AppData\Local\Programs\MiKTeX\tex/latex/hyperref\nameref.sty
Package: nameref 2021-04-02 v2.47 Cross-referencing by name of section

(C:\Users\Jakov\AppData\Local\Programs\MiKTeX\tex/latex/refcount\refcount.sty
Package: refcount 2019/12/15 v3.6 Data extraction from label references (HO)
)
(C:\Users\Jakov\AppData\Local\Programs\MiKTeX\tex/generic/gettitlestring\gettit
lestring.sty
Package: gettitlestring 2019/12/15 v1.6 Cleanup title references (HO)
)
\c@section@level=\count317
)
LaTeX Info: Redefining \ref on input line 11.
LaTeX Info: Redefining \pageref on input line 11.
LaTeX Info: Redefining \nameref on input line 11.
 (vj4.out) (vj4.out)
\@outlinefile=\write4
\openout4 = `vj4.out'.

LaTeX Font Info:    External font `cmex10' loaded for size
(Font)              <12> on input line 13.
LaTeX Font Info:    External font `cmex10' loaded for size
(Font)              <8> on input line 13.
LaTeX Font Info:    External font `cmex10' loaded for size
(Font)              <6> on input line 13.
 (vj4.toc)
\tf@toc=\write5
\openout5 = `vj4.toc'.

 [1

{C:/Users/Jakov/AppData/Local/MiKTeX/pdftex/config/pdftex.map}]
LaTeX Font Info:    Trying to load font information for T1+AnonymousPro on inpu
t line 22.

(C:\Users\Jakov\AppData\Local\Programs\MiKTeX\tex/latex/anonymouspro\t1anonymou
spro.fd
File: t1anonymouspro.fd 2019/07/12 Fontinst v1.933 font definitions for T1/Anon
ymousPro.
)
LaTeX Font Info:    Font shape `T1/AnonymousPro/m/n' will be
(Font)              scaled to size 10.0pt on input line 22.
LaTeX Font Info:    External font `cmex10' loaded for size
(Font)              <7> on input line 22.
LaTeX Font Info:    External font `cmex10' loaded for size
(Font)              <5> on input line 22.
LaTeX Font Info:    Font shape `T1/AnonymousPro/m/n' will be
(Font)              scaled to size 8.0pt on input line 22.

Underfull \hbox (badness 10000) in paragraph at lines 24--25

 []


Underfull \hbox (badness 10000) in paragraph at lines 26--27

 []


Underfull \hbox (badness 10000) in paragraph at lines 28--29

 []

(C:\Users\Jakov\AppData\Local\Programs\MiKTeX\tex/latex/listings\lstlang1.sty
File: lstlang1.sty 2020/03/24 1.8d listings language file
)
(C:\Users\Jakov\AppData\Local\Programs\MiKTeX\tex/latex/listings\lstlang1.sty
File: lstlang1.sty 2020/03/24 1.8d listings language file
)
(C:\Users\Jakov\AppData\Local\Programs\MiKTeX\tex/latex/listings\lstmisc.sty
File: lstmisc.sty 2020/03/24 1.8d (Carsten Heinz)
)
LaTeX Font Info:    Font shape `T1/AnonymousPro/b/n' will be
(Font)              scaled to size 10.0pt on input line 31.
LaTeX Font Info:    Font shape `T1/AnonymousPro/m/n' will be
(Font)              scaled to size 9.0pt on input line 31.

(C:\Users\Jakov\AppData\Local\Programs\MiKTeX\tex/latex/base\ansinew.def
File: ansinew.def 2020/08/01 v1.3d Input encoding file
)
(C:\Users\Jakov\FESB/2. semestar/3D Simulacije/Izvještaji/vjezba4/DXM Vectors/
Functions.h
consecutive:
LaTeX Font Info:    Font shape `T1/AnonymousPro/b/n' will be
(Font)              scaled to size 9.0pt on input line 10.
)
Underfull \hbox (badness 10000) in paragraph at lines 33--34

 []


Underfull \hbox (badness 10000) in paragraph at lines 35--35
[][][]$\T1/AnonymousPro/m/n/8 https : / / docs . microsoft . com / en-[]us / wi
ndows / win32 / dxmath / pg-[]xnamath-[]internals #
 []

(C:\Users\Jakov\AppData\Local\Programs\MiKTeX\tex/latex/base\ansinew.def
File: ansinew.def 2020/08/01 v1.3d Input encoding file
)
[2pdfTeX warning (ext4): destination with the same identifier (name{lstlisting.
0}) has been already used, duplicate ignored
<argument> ...shipout:D \box_use:N \l_shipout_box 
                                                  
l.49 
     ]
LaTeX Font Info:    Trying to load font information for T1+cmss on input line 5
3.
 (C:\Users\Jakov\AppData\Local\Programs\MiKTeX\tex/latex/base\t1cmss.fd
File: t1cmss.fd 2019/12/16 v2.5j Standard LaTeX font definitions
)
(C:\Users\Jakov\AppData\Local\Programs\MiKTeX\tex/latex/base\ansinew.def
File: ansinew.def 2020/08/01 v1.3d Input encoding file
)
(C:\Program Files (x86)\Windows Kits\10\Include\10.0.19041.0\um\DirectXMathConv
ert.inl
consecutive:
) [3]pdfTeX warning (ext4): destination with the same identifier (name{lstlisti
ng.1}) has been already used, duplicate ignored
<to be read again> 
                   \relax 
l.64 ...tions.h]{\basedir/DXM Vectors/Functions.h}
                                                  
(C:\Users\Jakov\AppData\Local\Programs\MiKTeX\tex/latex/base\ansinew.def
File: ansinew.def 2020/08/01 v1.3d Input encoding file
)
(C:\Users\Jakov\FESB/2. semestar/3D Simulacije/Izvještaji/vjezba4/DXM Vectors/
Functions.h
LaTeX Font Info:    Font shape `T1/AnonymousPro/m/it' will be
(Font)              scaled to size 9.0pt on input line 22.
)pdfTeX warning (ext4): destination with the same identifier (name{lstlisting.1
}) has been already used, duplicate ignored
<to be read again> 
                   \relax 
l.72 ...ram.cpp]{\basedir/DXM Vectors/Program.cpp}
                                                  
(C:\Users\Jakov\AppData\Local\Programs\MiKTeX\tex/latex/base\ansinew.def
File: ansinew.def 2020/08/01 v1.3d Input encoding file
)
(C:\Users\Jakov\FESB/2. semestar/3D Simulacije/Izvještaji/vjezba4/DXM Vectors/
Program.cpp
consecutive:
)pdfTeX warning (ext4): destination with the same identifier (name{lstlisting.1
}) has been already used, duplicate ignored
<to be read again> 
                   \relax 
l.76 ...rminal]{\basedir/DXM Vectors/terminal.std}
                                                   [4pdfTeX warning (ext4): des
tination with the same identifier (name{lstnumber.1.17}) has been already used,
 duplicate ignored
<argument> ...shipout:D \box_use:N \l_shipout_box 
                                                  
l.76 ...rminal]{\basedir/DXM Vectors/terminal.std}
                                                  pdfTeX warning (ext4): destin
ation with the same identifier (name{lstnumber.1.18}) has been already used, du
plicate ignored
<argument> ...shipout:D \box_use:N \l_shipout_box 
                                                  
l.76 ...rminal]{\basedir/DXM Vectors/terminal.std}
                                                  ]
(C:\Users\Jakov\AppData\Local\Programs\MiKTeX\tex/latex/base\ansinew.def
File: ansinew.def 2020/08/01 v1.3d Input encoding file
)
(C:\Users\Jakov\FESB/2. semestar/3D Simulacije/Izvještaji/vjezba4/DXM Vectors/
terminal.stdpdfTeX warning (ext4): destination with the same identifier (name{l
stnumber.1.1}) has been already used, duplicate ignored
<to be read again> 
                   \relax 
l.1 f4:
        [1, 1, 1, 0]pdfTeX warning (ext4): destination with the same identifier
 (name{lstnumber.1.2}) has been already used, duplicate ignored
<to be read again> 
                   \relax 
l.2 Duljina:
             1.73205pdfTeX warning (ext4): destination with the same identifier
 (name{lstnumber.1.3}) has been already used, duplicate ignored
<to be read again> 
                   \relax 
l.3 v 
      x w = [0, 0, 0, 0]pdfTeX warning (ext4): destination with the same identi
fier (name{lstnumber.1.4}) has been already used, duplicate ignored
<to be read again> 
                   \relax 
l.4 v 
      . w = 3pdfTeX warning (ext4): destination with the same identifier (name{
lstnumber.1.5}) has been already used, duplicate ignored
<to be read again> 
                   \relax 
l.5 union 
          __m128pdfTeX warning (ext4): destination with the same identifier (na
me{lstnumber.1.6}) has been already used, duplicate ignored
<to be read again> 
                   \relax 
l.6 v 
      * M = [18, 18, 18, 1]pdfTeX warning (ext4): destination with the same ide
ntifier (name{lstnumber.1.7}) has been already used, duplicate ignored
<to be read again> 
                   \relax 
l.7 v 
      * M = [14, 15, 16, 0]pdfTeX warning (ext4): destination with the same ide
ntifier (name{lstnumber.1.8}) has been already used, duplicate ignored
<to be read again> 
                   \relax 
l.8 v 
      * M = [18, 18, 18, 1]pdfTeX warning (ext4): destination with the same ide
ntifier (name{lstnumber.1.9}) has been already used, duplicate ignored
<to be read again> 
                   \relax 
l.9 union 
          __m128) [5]pdfTeX warning (ext4): destination with the same identifie
r (name{lstlisting.1}) has been already used, duplicate ignored
<to be read again> 
                   \relax 
l.87 ...ions.h]{\basedir/DXM Matrices/Functions.h}
                                                  
(C:\Users\Jakov\AppData\Local\Programs\MiKTeX\tex/latex/base\ansinew.def
File: ansinew.def 2020/08/01 v1.3d Input encoding file
)
(C:\Users\Jakov\FESB/2. semestar/3D Simulacije/Izvještaji/vjezba4/DXM Matrices
/Functions.h
consecutive:
pdfTeX warning (ext4): destination with the same identifier (name{lstnumber.1.1
0}) has been already used, duplicate ignored
<to be read again> 
                   \relax 
l.10 DirectX:
             :XMMATRIX GetInverseMatrix(DirectX::FXMMATRIX mat) {pdfTeX warning
 (ext4): destination with the same identifier (name{lstnumber.1.11}) has been a
lready used, duplicate ignored
<to be read again> 
                   \relax 
l.11 	DirectX:
              :XMMATRIX mat2 = mat;pdfTeX warning (ext4): destination with the 
same identifier (name{lstnumber.1.12}) has been already used, duplicate ignored

<to be read again> 
                   \relax 
l.12 	mat2.
           r[3] = DirectX::XMVECTOR{0,0,0,1};pdfTeX warning (ext4): destination
 with the same identifier (name{lstnumber.1.13}) has been already used, duplica
te ignored
<to be read again> 
                   \relax 
l.13 	DirectX:
              :XMVECTOR Inverse = DirectX::XMMatrixDeterminant(mat2);pdfTeX war
ning (ext4): destination with the same identifier (name{lstnumber.1.14}) has be
en already used, duplicate ignored
<to be read again> 
                   \relax 
l.14 	return 
             XMMatrixInverse(&Inverse, mat2);pdfTeX warning (ext4): destination
 with the same identifier (name{lstnumber.1.15}) has been already used, duplica
te ignored
<to be read again> 
                   \relax 
l.15 }
      pdfTeX warning (ext4): destination with the same identifier (name{lstnumb
er.1.16}) has been already used, duplicate ignored
<to be read again> 
                   \relax 
l.17 inline 
            DirectX::XMMATRIX* XM_CALLCONVpdfTeX warning (ext4): destination wi
th the same identifier (name{lstnumber.1.17}) has been already used, duplicate 
ignored
<to be read again> 
                   \relax 
l.17 inline 
            DirectX::XMMATRIX* XM_CALLCONVpdfTeX warning (ext4): destination wi
th the same identifier (name{lstnumber.1.18}) has been already used, duplicate 
ignored
<to be read again> 
                   \relax 
l.18 f(
       	DirectX::FXMMATRIX mat1,pdfTeX warning (ext4): destination with the sam
e identifier (name{lstnumber.1.19}) has been already used, duplicate ignored
<to be read again> 
                   \relax 
l.19 	DirectX:
              :FXMMATRIX mat2,pdfTeX warning (ext4): destination with the same 
identifier (name{lstnumber.1.20}) has been already used, duplicate ignored
<to be read again> 
                   \relax 
l.20 	DirectX:
              :FXMMATRIX mat3	){pdfTeX warning (ext4): destination with the sam
e identifier (name{lstnumber.1.21}) has been already used, duplicate ignored
<to be read again> 
                   \relax 
l.21 	std:
          :cout << typeid(mat1).name();pdfTeX warning (ext4): destination with 
the same identifier (name{lstnumber.1.22}) has been already used, duplicate ign
ored
<to be read again> 
                   \relax 
l.22 	return 
             new DirectX::XMMATRIX{};pdfTeX warning (ext4): destination with th
e same identifier (name{lstnumber.1.23}) has been already used, duplicate ignor
ed
<to be read again> 
                   \relax 
l.23 }
      )
(C:\Users\Jakov\AppData\Local\Programs\MiKTeX\tex/latex/base\ansinew.def
File: ansinew.def 2020/08/01 v1.3d Input encoding file
)
(C:\Users\Jakov\FESB/2. semestar/3D Simulacije/Izvještaji/vjezba4/DXM Matrices
/Program.cpp
consecutive:
) [6]
Underfull \hbox (badness 10000) in paragraph at lines 98--98
[][][]$\T1/AnonymousPro/m/n/8 https : / / docs . microsoft . com / en-[]us / cp
p / error-[]messages / compiler-[]warnings /
 []

pdfTeX warning (ext4): destination with the same identifier (name{lstlisting.2}
) has been already used, duplicate ignored
<to be read again> 
                   \relax 
l.101 ...Include\\10.0.19041.0\\um\\DirectXMath.h}
                                                  
(C:\Users\Jakov\AppData\Local\Programs\MiKTeX\tex/latex/base\ansinew.def
File: ansinew.def 2020/08/01 v1.3d Input encoding file
)
(C:\Program Files (x86)\Windows Kits\10\Include\10.0.19041.0\um\DirectXMath.h
consecutive:
)pdfTeX warning (ext4): destination with the same identifier (name{lstlisting.2
}) has been already used, duplicate ignored
<to be read again> 
                   \relax 
l.106 ...inal]{\basedir/DXM Matrices/terminal.std}
                                                  
(C:\Users\Jakov\AppData\Local\Programs\MiKTeX\tex/latex/base\ansinew.def
File: ansinew.def 2020/08/01 v1.3d Input encoding file
)
(C:\Users\Jakov\FESB/2. semestar/3D Simulacije/Izvještaji/vjezba4/DXM Matrices
/terminal.stdpdfTeX warning (ext4): destination with the same identifier (name{
lstnumber.2.16}) has been already used, duplicate ignored
<to be read again> 
                   \relax 
l.16 0 
       -0.707107 0.707107 0pdfTeX warning (ext4): destination with the same ide
ntifier (name{lstnumber.2.17}) has been already used, duplicate ignored
<to be read again> 
                   \relax 
l.17 0 
       0 0 1pdfTeX warning (ext4): destination with the same identifier (name{l
stnumber.2.18}) has been already used, duplicate ignored
<to be read again> 
                   \relax 
l.19 Inverse 
             =pdfTeX warning (ext4): destination with the same identifier (name
{lstnumber.2.19}) has been already used, duplicate ignored
<to be read again> 
                   \relax 
l.19 Inverse 
             =pdfTeX warning (ext4): destination with the same identifier (name
{lstnumber.2.20}) has been already used, duplicate ignored
<to be read again> 
                   \relax 
l.20 1 
       -0 0 0pdfTeX warning (ext4): destination with the same identifier (name{
lstnumber.2.21}) has been already used, duplicate ignored
<to be read again> 
                   \relax 
l.21 0 
       0.707107 -0.707107 0pdfTeX warning (ext4): destination with the same ide
ntifier (name{lstnumber.2.22}) has been already used, duplicate ignored
<to be read again> 
                   \relax 
l.22 0 
       0.707107 0.707107 0pdfTeX warning (ext4): destination with the same iden
tifier (name{lstnumber.2.23}) has been already used, duplicate ignored
<to be read again> 
                   \relax 
l.23 0 
       0 0 1pdfTeX warning (ext4): destination with the same identifier (name{l
stnumber.2.24}) has been already used, duplicate ignored
<to be read again> 
                   \relax 
l.25 Transpose 
               =pdfTeX warning (ext4): destination with the same identifier (na
me{lstnumber.2.25}) has been already used, duplicate ignored
<to be read again> 
                   \relax 
l.25 Transpose 
               =pdfTeX warning (ext4): destination with the same identifier (na
me{lstnumber.2.26}) has been already used, duplicate ignored
<to be read again> 
                   \relax 
l.26 1 
       0 0 0pdfTeX warning (ext4): destination with the same identifier (name{l
stnumber.2.27}) has been already used, duplicate ignored
<to be read again> 
                   \relax 
l.27 0 
       0.707107 -0.707107 0pdfTeX warning (ext4): destination with the same ide
ntifier (name{lstnumber.2.28}) has been already used, duplicate ignored
<to be read again> 
                   \relax 
l.28 0 
       0.707107 0.707107 0pdfTeX warning (ext4): destination with the same iden
tifier (name{lstnumber.2.29}) has been already used, duplicate ignored
<to be read again> 
                   \relax 
l.29 0 
       0 0 1pdfTeX warning (ext4): destination with the same identifier (name{l
stnumber.2.30}) has been already used, duplicate ignored
<to be read again> 
                   \relax 
l.31 Identity 
              =pdfTeX warning (ext4): destination with the same identifier (nam
e{lstnumber.2.31}) has been already used, duplicate ignored
<to be read again> 
                   \relax 
l.31 Identity 
              =pdfTeX warning (ext4): destination with the same identifier (nam
e{lstnumber.2.32}) has been already used, duplicate ignored
<to be read again> 
                   \relax 
l.32 1 
       0 0 0pdfTeX warning (ext4): destination with the same identifier (name{l
stnumber.2.33}) has been already used, duplicate ignored
<to be read again> 
                   \relax 
l.33 0 
       0.707107 -0.707107 0pdfTeX warning (ext4): destination with the same ide
ntifier (name{lstnumber.2.34}) has been already used, duplicate ignored
<to be read again> 
                   \relax 
l.34 0 
       0.707107 0.707107 0 [7]pdfTeX warning (ext4): destination with the same 
identifier (name{lstnumber.2.35}) has been already used, duplicate ignored
<to be read again> 
                   \relax 
l.35 0 
       0 0 1) [8]pdfTeX warning (ext4): destination with the same identifier (n
ame{lstlisting.0}) has been already used, duplicate ignored
<to be read again> 
                   \relax 
l.117 ...erminal]{\basedir/Precision/terminal.std}
                                                  
(C:\Users\Jakov\AppData\Local\Programs\MiKTeX\tex/latex/base\ansinew.def
File: ansinew.def 2020/08/01 v1.3d Input encoding file
)
(C:\Users\Jakov\FESB/2. semestar/3D Simulacije/Izvještaji/vjezba4/Precision/te
rminal.stdpdfTeX warning (ext4): destination with the same identifier (name{lst
number.0.1}) has been already used, duplicate ignored
<to be read again> 
                   \relax 
l.1 1. 
       length: 0.999999pdfTeX warning (ext4): destination with the same identif
ier (name{lstnumber.0.2}) has been already used, duplicate ignored
<to be read again> 
                   \relax 
l.2 2. 
       length: 0.99994pdfTeX warning (ext4): destination with the same identifi
er (name{lstnumber.0.3}) has been already used, duplicate ignored
<to be read again> 
                   \relax 
l.3 3. 
       length: 0.942135pdfTeX warning (ext4): destination with the same identif
ier (name{lstnumber.0.4}) has been already used, duplicate ignored
<to be read again> 
                   \relax 
l.4 4. 
       length: 0pdfTeX warning (ext4): destination with the same identifier (na
me{lstnumber.0.5}) has been already used, duplicate ignored
<to be read again> 
                   \relax 
l.5 5. 
       length: 0pdfTeX warning (ext4): destination with the same identifier (na
me{lstnumber.0.6}) has been already used, duplicate ignored
<to be read again> 
                   \relax 
l.6 6. 
       length: 0) [9]pdfTeX warning (ext4): destination with the same identifie
r (name{lstlisting.1}) has been already used, duplicate ignored
<to be read again> 
                   \relax 
l.130 ...rm()]{\basedir/DXM Transforms/Pipeline.h}
                                                  
(C:\Users\Jakov\AppData\Local\Programs\MiKTeX\tex/latex/base\ansinew.def
File: ansinew.def 2020/08/01 v1.3d Input encoding file
)
(C:\Users\Jakov\FESB/2. semestar/3D Simulacije/Izvještaji/vjezba4/DXM Transfor
ms/Pipeline.h
consecutive:
pdfTeX warning (ext4): destination with the same identifier (name{lstnumber.1.6
}) has been already used, duplicate ignored
<to be read again> 
                   \relax 
l.6 Model 
          Transform(Model& model, DirectX::CXMMATRIX& transform) {pdfTeX warnin
g (ext4): destination with the same identifier (name{lstnumber.1.7}) has been a
lready used, duplicate ignored
<to be read again> 
                   \relax 
l.7 	Model 
           tfmodel = model;pdfTeX warning (ext4): destination with the same ide
ntifier (name{lstnumber.1.8}) has been already used, duplicate ignored
<to be read again> 
                   \relax 
l.8 	for 
         (int i = 0; i < model.GetVertexCount(); i++) {pdfTeX warning (ext4): d
estination with the same identifier (name{lstnumber.1.9}) has been already used
, duplicate ignored
<to be read again> 
                   \relax 
l.9 			DirectX:
               :XMStoreFloat4(pdfTeX warning (ext4): destination with the same 
identifier (name{lstnumber.1.10}) has been already used, duplicate ignored
<to be read again> 
                   \relax 
l.10 				&(t
            fmodel.GetVerticesAddress(i)->position),pdfTeX warning (ext4): dest
ination with the same identifier (name{lstnumber.1.11}) has been already used, 
duplicate ignored
<to be read again> 
                   \relax 
l.11 				DirectX:
                 :XMVector3Transform(pdfTeX warning (ext4): destination with th
e same identifier (name{lstnumber.1.12}) has been already used, duplicate ignor
ed
<to be read again> 
                   \relax 
l.12 					DirectX:
                  :XMLoadFloat4(&(tfmodel.GetVerticesAddress(i)->position)),pdf
TeX warning (ext4): destination with the same identifier (name{lstnumber.1.13})
 has been already used, duplicate ignored
<to be read again> 
                   \relax 
l.13 					transform)
                    pdfTeX warning (ext4): destination with the same identifier
 (name{lstnumber.1.14}) has been already used, duplicate ignored
<to be read again> 
                   \relax 
l.14 			)
         ;pdfTeX warning (ext4): destination with the same identifier (name{lst
number.1.15}) has been already used, duplicate ignored
<to be read again> 
                   \relax 
l.15 	}
       pdfTeX warning (ext4): destination with the same identifier (name{lstnum
ber.1.16}) has been already used, duplicate ignored
<to be read again> 
                   \relax 
l.16 	return 
             tfmodel;pdfTeX warning (ext4): destination with the same identifie
r (name{lstnumber.1.17}) has been already used, duplicate ignored
<to be read again> 
                   \relax 
l.17 }
      )pdfTeX warning (ext4): destination with the same identifier (name{lstlis
ting.2}) has been already used, duplicate ignored
<to be read again> 
                   \relax 
l.138 ...ije]{\basedir/DXM Transforms/Program.cpp}
                                                  
(C:\Users\Jakov\AppData\Local\Programs\MiKTeX\tex/latex/base\ansinew.def
File: ansinew.def 2020/08/01 v1.3d Input encoding file
)
(C:\Users\Jakov\FESB/2. semestar/3D Simulacije/Izvještaji/vjezba4/DXM Transfor
ms/Program.cpp
consecutive:
) [10]pdfTeX warning (ext4): destination with the same identifier (name{lstlist
ing.2}) has been already used, duplicate ignored
<to be read again> 
                   \relax 
l.144 ...al]{\basedir/DXM Transforms/terminal.std}
                                                  
(C:\Users\Jakov\AppData\Local\Programs\MiKTeX\tex/latex/base\ansinew.def
File: ansinew.def 2020/08/01 v1.3d Input encoding file
)
(C:\Users\Jakov\FESB/2. semestar/3D Simulacije/Izvještaji/vjezba4/DXM Transfor
ms/terminal.stdpdfTeX warning (ext4): destination with the same identifier (nam
e{lstnumber.2.1}) has been already used, duplicate ignored
<to be read again> 
                   \relax 
l.2 [ 
      -1 1 0 1 ]pdfTeX warning (ext4): destination with the same identifier (na
me{lstnumber.2.2}) has been already used, duplicate ignored
<to be read again> 
                   \relax 
l.2 [ 
      -1 1 0 1 ]pdfTeX warning (ext4): destination with the same identifier (na
me{lstnumber.2.3}) has been already used, duplicate ignored
<to be read again> 
                   \relax 
l.3 [ 
      1 1 0 1 ]pdfTeX warning (ext4): destination with the same identifier (nam
e{lstnumber.2.4}) has been already used, duplicate ignored
<to be read again> 
                   \relax 
l.4 [ 
      1 -1 0 1 ]pdfTeX warning (ext4): destination with the same identifier (na
me{lstnumber.2.5}) has been already used, duplicate ignored
<to be read again> 
                   \relax 
l.5 [ 
      -1 -1 0 1 ]pdfTeX warning (ext4): destination with the same identifier (n
ame{lstnumber.2.6}) has been already used, duplicate ignored
<to be read again> 
                   \relax 
l.7 World 
          TransformpdfTeX warning (ext4): destination with the same identifier 
(name{lstnumber.2.7}) has been already used, duplicate ignored
<to be read again> 
                   \relax 
l.7 World 
          TransformpdfTeX warning (ext4): destination with the same identifier 
(name{lstnumber.2.8}) has been already used, duplicate ignored
<to be read again> 
                   \relax 
l.9 [ 
      1.41421 1.41421 0 0 ]pdfTeX warning (ext4): destination with the same ide
ntifier (name{lstnumber.2.9}) has been already used, duplicate ignored
<to be read again> 
                   \relax 
l.9 [ 
      1.41421 1.41421 0 0 ]pdfTeX warning (ext4): destination with the same ide
ntifier (name{lstnumber.2.10}) has been already used, duplicate ignored
<to be read again> 
                   \relax 
l.10 [ 
       -1.41421 1.41421 0 0 ]pdfTeX warning (ext4): destination with the same i
dentifier (name{lstnumber.2.11}) has been already used, duplicate ignored
<to be read again> 
                   \relax 
l.11 [ 
       0 0 2 0 ]pdfTeX warning (ext4): destination with the same identifier (na
me{lstnumber.2.12}) has been already used, duplicate ignored
<to be read again> 
                   \relax 
l.12 [ 
       0 0 0 1 ]pdfTeX warning (ext4): destination with the same identifier (na
me{lstnumber.2.13}) has been already used, duplicate ignored
<to be read again> 
                   \relax 
l.13 World 
           objekt:pdfTeX warning (ext4): destination with the same identifier (
name{lstnumber.2.14}) has been already used, duplicate ignored
<to be read again> 
                   \relax 
l.14 [ 
       -2.82843 -1.19209e-07 0 1 ]pdfTeX warning (ext4): destination with the s
ame identifier (name{lstnumber.2.15}) has been already used, duplicate ignored
<to be read again> 
                   \relax 
l.15 [ 
       -1.19209e-07 2.82843 0 1 ]pdfTeX warning (ext4): destination with the sa
me identifier (name{lstnumber.2.16}) has been already used, duplicate ignored
<to be read again> 
                   \relax 
l.16 [ 
       2.82843 1.19209e-07 0 1 ]pdfTeX warning (ext4): destination with the sam
e identifier (name{lstnumber.2.17}) has been already used, duplicate ignored
<to be read again> 
                   \relax 
l.17 [ 
       1.19209e-07 -2.82843 0 1 ]pdfTeX warning (ext4): destination with the sa
me identifier (name{lstnumber.2.18}) has been already used, duplicate ignored
<to be read again> 
                   \relax 
l.19 Camera 
            TransformpdfTeX warning (ext4): destination with the same identifie
r (name{lstnumber.2.19}) has been already used, duplicate ignored
<to be read again> 
                   \relax 
l.19 Camera 
            TransformpdfTeX warning (ext4): destination with the same identifie
r (name{lstnumber.2.20}) has been already used, duplicate ignored
<to be read again> 
                   \relax 
l.21 [ 
       1.41421 1.41421 0 0 ]pdfTeX warning (ext4): destination with the same id
entifier (name{lstnumber.2.21}) has been already used, duplicate ignored
<to be read again> 
                   \relax 
l.21 [ 
       1.41421 1.41421 0 0 ]pdfTeX warning (ext4): destination with the same id
entifier (name{lstnumber.2.22}) has been already used, duplicate ignored
<to be read again> 
                   \relax 
l.22 [ 
       -1.41421 1.41421 0 0 ]pdfTeX warning (ext4): destination with the same i
dentifier (name{lstnumber.2.23}) has been already used, duplicate ignored
<to be read again> 
                   \relax 
l.23 [ 
       0 0 2 0 ]pdfTeX warning (ext4): destination with the same identifier (na
me{lstnumber.2.24}) has been already used, duplicate ignored
<to be read again> 
                   \relax 
l.24 [ 
       0 0 0 1 ]pdfTeX warning (ext4): destination with the same identifier (na
me{lstnumber.2.25}) has been already used, duplicate ignored
<to be read again> 
                   \relax 
l.25 Camera 
            objekt:pdfTeX warning (ext4): destination with the same identifier 
(name{lstnumber.2.26}) has been already used, duplicate ignored
<to be read again> 
                   \relax 
l.26 [ 
       -2.82843 -1.19209e-07 6 1 ]pdfTeX warning (ext4): destination with the s
ame identifier (name{lstnumber.2.27}) has been already used, duplicate ignored
<to be read again> 
                   \relax 
l.27 [ 
       -1.19209e-07 2.82843 6 1 ]pdfTeX warning (ext4): destination with the sa
me identifier (name{lstnumber.2.28}) has been already used, duplicate ignored
<to be read again> 
                   \relax 
l.28 [ 
       2.82843 1.19209e-07 6 1 ]pdfTeX warning (ext4): destination with the sam
e identifier (name{lstnumber.2.29}) has been already used, duplicate ignored
<to be read again> 
                   \relax 
l.29 [ 
       1.19209e-07 -2.82843 6 1 ]pdfTeX warning (ext4): destination with the sa
me identifier (name{lstnumber.2.30}) has been already used, duplicate ignored
<to be read again> 
                   \relax 
l.31 Perspective 
                 TransformpdfTeX warning (ext4): destination with the same iden
tifier (name{lstnumber.2.31}) has been already used, duplicate ignored
<to be read again> 
                   \relax 
l.31 Perspective 
                 TransformpdfTeX warning (ext4): destination with the same iden
tifier (name{lstnumber.2.32}) has been already used, duplicate ignored
<to be read again> 
                   \relax 
l.33 [ 
       1.08253 0 0 0 ]pdfTeX warning (ext4): destination with the same identifi
er (name{lstnumber.2.33}) has been already used, duplicate ignored
<to be read again> 
                   \relax 
l.33 [ 
       1.08253 0 0 0 ]pdfTeX warning (ext4): destination with the same identifi
er (name{lstnumber.2.34}) has been already used, duplicate ignored
<to be read again> 
                   \relax 
l.34 [ 
       0 1.73205 0 0 ]pdfTeX warning (ext4): destination with the same identifi
er (name{lstnumber.2.35}) has been already used, duplicate ignored
<to be read again> 
                   \relax 
l.35 [ 
       0 0 1.001 1 ]pdfTeX warning (ext4): destination with the same identifier
 (name{lstnumber.2.36}) has been already used, duplicate ignored
<to be read again> 
                   \relax 
l.36 [ 
       0 0 -0.1001 0 ]pdfTeX warning (ext4): destination with the same identifi
er (name{lstnumber.2.37}) has been already used, duplicate ignored
<to be read again> 
                   \relax 
l.37 Clip 
          objekt:pdfTeX warning (ext4): destination with the same identifier (n
ame{lstnumber.2.38}) has been already used, duplicate ignored
<to be read again> 
                   \relax 
l.38 [ 
       -3.06186 -2.06477e-07 5.90591 6 ]pdfTeX warning (ext4): destination with
 the same identifier (name{lstnumber.2.40}) has been already used, duplicate ig
nored
<to be read again> 
                   \relax 
l.40 [ 
       3.06186 2.06477e-07 5.90591 6 ]pdfTeX warning (ext4): destination with t
he same identifier (name{lstnumber.2.41}) has been already used, duplicate igno
red
<to be read again> 
                   \relax 
l.41 [ 
       1.29048e-07 -4.89898 5.90591 6 ]pdfTeX warning (ext4): destination with 
the same identifier (name{lstnumber.2.42}) has been already used, duplicate ign
ored
<to be read again> 
                   \relax 
l.43 NDC 
         objekt:pdfTeX warning (ext4): destination with the same identifier (na
me{lstnumber.2.43}) has been already used, duplicate ignored
<to be read again> 
                   \relax 
l.43 NDC 
         objekt:pdfTeX warning (ext4): destination with the same identifier (na
me{lstnumber.2.44}) has been already used, duplicate ignored
<to be read again> 
                   \relax 
l.44 [ 
       -0.51031 -3.44128e-08 0.984318 1 ]pdfTeX warning (ext4): destination wit
h the same identifier (name{lstnumber.2.45}) has been already used, duplicate i
gnored
<to be read again> 
                   \relax 
l.45 [ 
       -2.1508e-08 0.816496 0.984318 1 ]pdfTeX warning (ext4): destination with
 the same identifier (name{lstnumber.2.46}) has been already used, duplicate ig
nored
<to be read again> 
                   \relax 
l.46 [ 
       0.51031 3.44128e-08 0.984318 1 ]pdfTeX warning (ext4): destination with 
the same identifier (name{lstnumber.2.47}) has been already used, duplicate ign
ored
<to be read again> 
                   \relax 
l.47 [ 
       2.1508e-08 -0.816496 0.984318 1 ]pdfTeX warning (ext4): destination with
 the same identifier (name{lstnumber.2.48}) has been already used, duplicate ig
nored
<to be read again> 
                   \relax 
l.49 Viewport 
              TransformpdfTeX warning (ext4): destination with the same identif
ier (name{lstnumber.2.49}) has been already used, duplicate ignored
<to be read again> 
                   \relax 
l.49 Viewport 
              TransformpdfTeX warning (ext4): destination with the same identif
ier (name{lstnumber.2.50}) has been already used, duplicate ignored
<to be read again> 
                   \relax 
l.51 [ 
       20 0 0 0 ]pdfTeX warning (ext4): destination with the same identifier (n
ame{lstnumber.2.51}) has been already used, duplicate ignored
<to be read again> 
                   \relax 
l.51 [ 
       20 0 0 0 ]pdfTeX warning (ext4): destination with the same identifier (n
ame{lstnumber.2.52}) has been already used, duplicate ignored
<to be read again> 
                   \relax 
l.52 [ 
       0 -12.5 0 0 ]pdfTeX warning (ext4): destination with the same identifier
 (name{lstnumber.2.53}) has been already used, duplicate ignored
<to be read again> 
                   \relax 
l.53 [ 
       0 0 1 0 ]pdfTeX warning (ext4): destination with the same identifier (na
me{lstnumber.2.54}) has been already used, duplicate ignored
<to be read again> 
                   \relax 
l.54 [ 
       20 12.5 0 1 ]pdfTeX warning (ext4): destination with the same identifier
 (name{lstnumber.2.55}) has been already used, duplicate ignored
<to be read again> 
                   \relax 
l.55 Screen 
            objekt: [11]) [12] (vj4.aux)
Package rerunfilecheck Info: File `vj4.out' has not changed.
(rerunfilecheck)             Checksum: F39383A5EA91FB3783EB441CD2146AA0;497.
 ) 
Here is how much of TeX's memory you used:
 24389 strings out of 479321
 444333 string characters out of 2856583
 1236662 words of memory out of 3000000
 41175 multiletter control sequences out of 15000+600000
 424662 words of font info for 76 fonts, out of 8000000 for 9000
 1141 hyphenation exceptions out of 8191
 116i,9n,119p,612b,2451s stack positions out of 5000i,500n,10000p,200000b,80000s
pdfTeX warning (dest): name{Hfootnote.5} has been referenced but does not exi
st, replaced by a fixed one

pdfTeX warning (dest): name{Hfootnote.4} has been referenced but does not exist
, replaced by a fixed one

pdfTeX warning (dest): name{Hfootnote.3} has been referenced but does not exist
, replaced by a fixed one

pdfTeX warning (dest): name{Hfootnote.2} has been referenced but does not exist
, replaced by a fixed one

pdfTeX warning (dest): name{Hfootnote.1} has been referenced but does not exist
, replaced by a fixed one

{C:/Users/Jakov/AppData/Local/Programs/MiKTeX/fonts/enc/dvips/anonymouspro/Anon
ymousPro-01.enc} <C:\Users\Jakov\AppData\Local\MiKTeX\fonts/pk/ljfour/jknappen/
ec/dpi600\ecsx1000.pk> <C:\Users\Jakov\AppData\Local\MiKTeX\fonts/pk/ljfour/jkn
appen/ec/dpi600\ecti0800.pk> <C:\Users\Jakov\AppData\Local\MiKTeX\fonts/pk/ljfo
ur/jknappen/ec/dpi600\ecrm0600.pk> <C:\Users\Jakov\AppData\Local\MiKTeX\fonts/p
k/ljfour/jknappen/ec/dpi600\ecrm0700.pk> <C:\Users\Jakov\AppData\Local\MiKTeX\f
onts/pk/ljfour/jknappen/ec/dpi600\ecti1000.pk> <C:\Users\Jakov\AppData\Local\Mi
KTeX\fonts/pk/ljfour/jknappen/ec/dpi600\ecrm1000.pk> <C:\Users\Jakov\AppData\Lo
cal\MiKTeX\fonts/pk/ljfour/jknappen/ec/dpi600\ecbx1000.pk> <C:\Users\Jakov\AppD
ata\Local\MiKTeX\fonts/pk/ljfour/jknappen/ec/dpi600\ecbx1200.pk> <C:\Users\Jako
v\AppData\Local\MiKTeX\fonts/pk/ljfour/jknappen/ec/dpi600\ecrm1200.pk> <C:\User
s\Jakov\AppData\Local\MiKTeX\fonts/pk/ljfour/jknappen/ec/dpi600\ecrm1728.pk><C:
/Users/Jakov/AppData/Local/Programs/MiKTeX/fonts/type1/public/anonymouspro/Anon
ymousPro-Bold.pfb><C:/Users/Jakov/AppData/Local/Programs/MiKTeX/fonts/type1/pub
lic/anonymouspro/AnonymousPro-Italic.pfb><C:/Users/Jakov/AppData/Local/Programs
/MiKTeX/fonts/type1/public/anonymouspro/AnonymousPro-Regular.pfb>
Output written on vj4.pdf (12 pages, 170461 bytes).
PDF statistics:
 549 PDF objects out of 1000 (max. 8388607)
 153 named destinations out of 1000 (max. 500000)
 53 words of extra memory for PDF output out of 10000 (max. 10000000)

